<?xml version="1.0" encoding="UTF-8"?>
<!-- Generated by org.testng.reporters.JUnitReportReporter -->
<testsuite hostname="bawa-b-w7n" name="Test.Yahooregistrationtest" tests="3" failures="0" timestamp="13 Mar 2016 15:37:54 GMT" time="0.004" errors="0">
  <testcase name="registerInYahoo" time="0.001" classname="Test.Yahooregistrationtest"/>
  <testcase name="registerInYahoo" time="0.002" classname="Test.Yahooregistrationtest"/>
  <testcase name="registerInYahoo" time="0.001" classname="Test.Yahooregistrationtest"/>
</testsuite> <!-- Test.Yahooregistrationtest -->
