<?xml version="1.0" encoding="UTF-8"?>
<!-- Generated by org.testng.reporters.JUnitReportReporter -->
<testsuite hostname="bawa-b-w7n" name="UnderAllAnnotations" tests="2" failures="0" timestamp="26 Mar 2016 18:36:48 GMT" time="0.002" errors="2">
  <testcase name="SecondTestScript" time="0.001" classname="UnderAllAnnotations"/>
  <testcase name="FirstTestScript" time="0.001" classname="UnderAllAnnotations"/>
</testsuite> <!-- UnderAllAnnotations -->
