<?xml version="1.0" encoding="UTF-8"?>
<!-- Generated by org.testng.reporters.JUnitReportReporter -->
<testsuite hostname="bawa-b-w7n" name="Test.TestingPriorityDependency" tests="3" failures="0" timestamp="13 Mar 2016 15:47:07 GMT" time="12.970" errors="0">
  <testcase name="Logout" time="8.416" classname="Test.TestingPriorityDependency"/>
  <testcase name="LoginToApplication" time="4.553" classname="Test.TestingPriorityDependency"/>
  <testcase name="AddPatient" time="0.001" classname="Test.TestingPriorityDependency"/>
</testsuite> <!-- Test.TestingPriorityDependency -->
